#
# A fatal error has been detected by the Java Runtime Environment:
#
#  Internal Error (safepoint.cpp:919), pid=73506, tid=33287
#  fatal error: Illegal threadstate encountered: 4
#
# JRE version: OpenJDK Runtime Environment Temurin-11.0.14.1+1 (11.0.14.1+1) (build 11.0.14.1+1)
# Java VM: OpenJDK 64-Bit Server VM Temurin-11.0.14.1+1 (11.0.14.1+1, mixed mode, tiered, compressed oops, g1 gc, bsd-amd64)
# No core dump will be written. Core dumps have been disabled. To enable core dumping, try "ulimit -c unlimited" before starting Java again
#
# If you would like to submit a bug report, please visit:
#   https://github.com/adoptium/adoptium-support/issues
# The crash happened outside the Java Virtual Machine in native code.
# See problematic frame for where to report the bug.
#

---------------  S U M M A R Y ------------

Command Line: -agentlib:jdwp=transport=dt_socket,suspend=y,address=localhost:52192 -javaagent:/Applications/Eclipse.app/Contents/Eclipse/configuration/org.eclipse.osgi/215/0/.cp/lib/javaagent-shaded.jar -Dfile.encoding=UTF-8 it.polito.tdp.imdb.Main

Host: MacBookAir7,2 x86_64 1800 MHz, 4 cores, 8G, Darwin 21.5.0
Time: Fri Jun  3 14:32:39 2022 CEST elapsed time: 11.074021 seconds (0d 0h 0m 11s)

---------------  T H R E A D  ---------------

Current thread (0x00007f8508976800):  JavaThread "InvokeLaterDispatcher" daemon [_thread_in_native, id=33287, stack(0x000070000d40d000,0x000070000d50d000)]

Stack: [0x000070000d40d000,0x000070000d50d000],  sp=0x000070000d50b2d0,  free space=1016k
Native frames: (J=compiled Java code, A=aot compiled Java code, j=interpreted, Vv=VM code, C=native code)
V  [libjvm.dylib+0x7c5ab3]  _ZN7VMError14report_and_dieEiPKcS1_P13__va_list_tagP6ThreadPhPvS7_S1_im+0x601
V  [libjvm.dylib+0x276985]  _Z12report_fatal11VMErrorTypePKciS1_z+0xc0
V  [libjvm.dylib+0x69bc15]  _ZN20SafepointSynchronize5blockEP10JavaThread+0x1d9
V  [libjvm.dylib+0x69d183]  _ZN18SafepointMechanism23block_if_requested_slowEP10JavaThread+0x1d
V  [libjvm.dylib+0x77e5c4]  _ZN10JavaThread44check_safepoint_and_suspend_for_native_transEPS_+0x9c
V  [libjvm.dylib+0x3f36ae]  jni_DeleteGlobalRef+0x93
C  [libglass.dylib+0x8871]  -[GlassRunnable dealloc]+0x31
C  [Foundation+0x818ee]  -[_NSThreadPerformInfo dealloc]+0x2a
C  [Foundation+0x4e466]  -[NSObject(NSThreadPerformAdditions) performSelectorOnMainThread:withObject:waitUntilDone:]+0x7c
j  com.sun.glass.ui.mac.MacApplication._submitForLaterInvocation(Ljava/lang/Runnable;)V+0
j  com.sun.glass.ui.mac.MacApplication.submitForLaterInvocation(Ljava/lang/Runnable;)V+2
j  com.sun.glass.ui.InvokeLaterDispatcher.run()V+82
v  ~StubRoutines::call_stub
V  [libjvm.dylib+0x3b7c22]  _ZN9JavaCalls11call_helperEP9JavaValueRK12methodHandleP17JavaCallArgumentsP6Thread+0x1fe
V  [libjvm.dylib+0x3b7088]  _ZN9JavaCalls12call_virtualEP9JavaValueP5KlassP6SymbolS5_P17JavaCallArgumentsP6Thread+0xee
V  [libjvm.dylib+0x3b7144]  _ZN9JavaCalls12call_virtualEP9JavaValue6HandleP5KlassP6SymbolS6_P6Thread+0x62
V  [libjvm.dylib+0x43dfce]  _ZL12thread_entryP10JavaThreadP6Thread+0x78
V  [libjvm.dylib+0x77d03c]  _ZN10JavaThread17thread_main_innerEv+0x82
V  [libjvm.dylib+0x77ce86]  _ZN10JavaThread3runEv+0x122
V  [libjvm.dylib+0x77ada0]  _ZN6Thread8call_runEv+0x68
V  [libjvm.dylib+0x6291d1]  _ZL19thread_native_entryP6Thread+0x139
C  [libsystem_pthread.dylib+0x64e1]  _pthread_start+0x7d
C  [libsystem_pthread.dylib+0x1f6b]  thread_start+0xf

Java frames: (J=compiled Java code, j=interpreted, Vv=VM code)
j  com.sun.glass.ui.mac.MacApplication._submitForLaterInvocation(Ljava/lang/Runnable;)V+0
j  com.sun.glass.ui.mac.MacApplication.submitForLaterInvocation(Ljava/lang/Runnable;)V+2
j  com.sun.glass.ui.InvokeLaterDispatcher.run()V+82
v  ~StubRoutines::call_stub

---------------  P R O C E S S  ---------------

Threads class SMR info:
_java_thread_list=0x0000600003e9d780, length=21, elements={
0x00007f850600e800, 0x00007f85068db000, 0x00007f850602f800, 0x00007f85068ef000,
0x00007f85068f2000, 0x00007f85068f2800, 0x00007f85068f3800, 0x00007f85068f4800,
0x00007f8506937800, 0x00007f8508867000, 0x00007f8506944800, 0x00007f8506032000,
0x00007f8508181800, 0x00007f850807e800, 0x00007f8508976800, 0x00007f8508133000,
0x00007f850828e000, 0x00007f850aa42800, 0x00007f850b9ba000, 0x00007f8508731000,
0x00007f850bc43800
}

Java Threads: ( => current thread )
  0x00007f850600e800 JavaThread "main" [_thread_blocked, id=6659, stack(0x000070000b939000,0x000070000ba39000)]
  0x00007f85068db000 JavaThread "Reference Handler" daemon [_thread_blocked, id=13059, stack(0x000070000c04e000,0x000070000c14e000)]
  0x00007f850602f800 JavaThread "Finalizer" daemon [_thread_blocked, id=17411, stack(0x000070000c151000,0x000070000c251000)]
  0x00007f85068ef000 JavaThread "Signal Dispatcher" daemon [_thread_blocked, id=16131, stack(0x000070000c3dd000,0x000070000c4dd000)]
  0x00007f85068f2000 JavaThread "Service Thread" daemon [_thread_blocked, id=43267, stack(0x000070000c4e0000,0x000070000c5e0000)]
  0x00007f85068f2800 JavaThread "C2 CompilerThread0" daemon [_thread_blocked, id=42755, stack(0x000070000c5e3000,0x000070000c6e3000)]
  0x00007f85068f3800 JavaThread "C1 CompilerThread0" daemon [_thread_blocked, id=42243, stack(0x000070000c6e6000,0x000070000c7e6000)]
  0x00007f85068f4800 JavaThread "Sweeper thread" daemon [_thread_blocked, id=22787, stack(0x000070000c7e9000,0x000070000c8e9000)]
  0x00007f8506937800 JavaThread "Common-Cleaner" daemon [_thread_blocked, id=41475, stack(0x000070000c8ec000,0x000070000c9ec000)]
  0x00007f8508867000 JavaThread "JDWP Transport Listener: dt_socket" daemon [_thread_blocked, id=40707, stack(0x000070000caf2000,0x000070000cbf2000)]
  0x00007f8506944800 JavaThread "JDWP Event Helper Thread" daemon [_thread_blocked, id=39939, stack(0x000070000cbf5000,0x000070000ccf5000)]
  0x00007f8506032000 JavaThread "JDWP Command Reader" daemon [_thread_in_native, id=24579, stack(0x000070000ccf8000,0x000070000cdf8000)]
  0x00007f8508181800 JavaThread "JavaFX-Launcher" [_thread_blocked, id=25603, stack(0x000070000cefe000,0x000070000cffe000)]
  0x00007f850807e800 JavaThread "QuantumRenderer-0" daemon [_thread_in_vm, id=26627, stack(0x000070000d30a000,0x000070000d40a000)]
=>0x00007f8508976800 JavaThread "InvokeLaterDispatcher" daemon [_thread_in_native, id=33287, stack(0x000070000d40d000,0x000070000d50d000)]
  0x00007f8508133000 JavaThread "JavaFX Application Thread" [_thread_in_native_trans, id=259, stack(0x00007ff7b3d9b000,0x00007ff7b459b000)]
  0x00007f850828e000 JavaThread "Thread-3" daemon [_thread_blocked, id=81671, stack(0x000070000d510000,0x000070000d590000)]
  0x00007f850aa42800 JavaThread "HikariPool-1 housekeeper" daemon [_thread_blocked, id=73987, stack(0x000070000d699000,0x000070000d799000)]
  0x00007f850b9ba000 JavaThread "Prism Font Disposer" daemon [_thread_blocked, id=71435, stack(0x000070000d89f000,0x000070000d99f000)]
  0x00007f8508731000 JavaThread "Cleaner-0" daemon [_thread_blocked, id=64551, stack(0x000070000d9a2000,0x000070000daa2000)]
  0x00007f850bc43800 JavaThread "C2 CompilerThread1" daemon [_thread_in_native, id=65619, stack(0x000070000cdfb000,0x000070000cefb000)]

Other Threads:
  0x00007f85068d3000 VMThread "VM Thread" [stack: 0x000070000bf4b000,0x000070000c04b000] [id=18179] _threads_hazard_ptr=0x0000600003e9d780
  0x00007f850807e000 WatcherThread [stack: 0x000070000c9ef000,0x000070000caef000] [id=41223]
  0x00007f8506815800 GCTaskThread "GC Thread#0" [stack: 0x000070000ba3c000,0x000070000bb3c000] [id=20995]
  0x00007f8506985000 GCTaskThread "GC Thread#1" [stack: 0x000070000d001000,0x000070000d101000] [id=39171]
  0x00007f8506975800 GCTaskThread "GC Thread#2" [stack: 0x000070000d104000,0x000070000d204000] [id=25859]
  0x00007f8506976000 GCTaskThread "GC Thread#3" [stack: 0x000070000d207000,0x000070000d307000] [id=26115]
  0x00007f850683e800 ConcurrentGCThread "G1 Main Marker" [stack: 0x000070000bb3f000,0x000070000bc3f000] [id=20483]
  0x00007f850683f000 ConcurrentGCThread "G1 Conc#0" [stack: 0x000070000bc42000,0x000070000bd42000] [id=19715]
  0x00007f8506890000 ConcurrentGCThread "G1 Refine#0" [stack: 0x000070000bd45000,0x000070000be45000] [id=12035]
  0x00007f8506890800 ConcurrentGCThread "G1 Young RemSet Sampling" [stack: 0x000070000be48000,0x000070000bf48000] [id=18947]

Threads with active compile tasks:
C2 CompilerThread0  11094 4392   !   4       com.sun.javafx.text.PrismTextLayout::layout (1635 bytes)
C2 CompilerThread1  11094 4102   !   4       javafx.scene.CssStyleHelper::transitionToState (1019 bytes)

VM state:synchronizing (normal execution)

VM Mutex/Monitor currently owned by a thread:  ([mutex/lock_event])
[0x0000600001181a00] Safepoint_lock - owner thread: 0x00007f85068d3000
[0x0000600001181a80] Threads_lock - owner thread: 0x00007f85068d3000

Heap address: 0x0000000780000000, size: 2048 MB, Compressed Oops mode: Zero based, Oop shift amount: 3
Narrow klass base: 0x0000000800000000, Narrow klass shift: 0
Compressed class space size: 1073741824 Address: 0x0000000800000000

Heap:
 garbage-first heap   total 131072K, used 73449K [0x0000000780000000, 0x0000000800000000)
  region size 1024K, 49 young (50176K), 3 survivors (3072K)
 Metaspace       used 31710K, capacity 32935K, committed 33280K, reserved 1079296K
  class space    used 3765K, capacity 4288K, committed 4352K, reserved 1048576K
Heap Regions: E=young(eden), S=young(survivor), O=old, HS=humongous(starts), HC=humongous(continues), CS=collection set, F=free, A=archive, TAMS=top-at-mark-start (previous, next)
|   0|0x0000000780000000, 0x0000000780100000, 0x0000000780100000|100%| O|  |TAMS 0x000000078006e600, 0x0000000780000000| Untracked 
|   1|0x0000000780100000, 0x0000000780200000, 0x0000000780200000|100%|HS|  |TAMS 0x0000000780100000, 0x0000000780100000| Complete 
|   2|0x0000000780200000, 0x0000000780300000, 0x0000000780300000|100%| O|  |TAMS 0x0000000780200000, 0x0000000780200000| Untracked 
|   3|0x0000000780300000, 0x0000000780400000, 0x0000000780400000|100%| O|  |TAMS 0x0000000780300000, 0x0000000780300000| Untracked 
|   4|0x0000000780400000, 0x0000000780500000, 0x0000000780500000|100%| O|  |TAMS 0x0000000780400000, 0x0000000780400000| Untracked 
|   5|0x0000000780500000, 0x0000000780600000, 0x0000000780600000|100%| O|  |TAMS 0x0000000780500000, 0x0000000780500000| Untracked 
|   6|0x0000000780600000, 0x0000000780700000, 0x0000000780700000|100%| O|  |TAMS 0x0000000780600000, 0x0000000780600000| Untracked 
|   7|0x0000000780700000, 0x0000000780800000, 0x0000000780800000|100%| O|  |TAMS 0x0000000780700000, 0x0000000780700000| Untracked 
|   8|0x0000000780800000, 0x0000000780900000, 0x0000000780900000|100%| O|  |TAMS 0x0000000780800000, 0x0000000780800000| Untracked 
|   9|0x0000000780900000, 0x0000000780a00000, 0x0000000780a00000|100%| O|  |TAMS 0x0000000780900000, 0x0000000780900000| Untracked 
|  10|0x0000000780a00000, 0x0000000780b00000, 0x0000000780b00000|100%| O|  |TAMS 0x0000000780a00000, 0x0000000780a00000| Untracked 
|  11|0x0000000780b00000, 0x0000000780c00000, 0x0000000780c00000|100%| O|  |TAMS 0x0000000780b00000, 0x0000000780b00000| Untracked 
|  12|0x0000000780c00000, 0x0000000780d00000, 0x0000000780d00000|100%| O|  |TAMS 0x0000000780c00000, 0x0000000780c00000| Untracked 
|  13|0x0000000780d00000, 0x0000000780e00000, 0x0000000780e00000|100%| O|  |TAMS 0x0000000780d00000, 0x0000000780d00000| Untracked 
|  14|0x0000000780e00000, 0x0000000780f00000, 0x0000000780f00000|100%| O|  |TAMS 0x0000000780e00000, 0x0000000780e00000| Untracked 
|  15|0x0000000780f00000, 0x0000000781000000, 0x0000000781000000|100%| O|  |TAMS 0x0000000780f00000, 0x0000000780f00000| Untracked 
|  16|0x0000000781000000, 0x0000000781100000, 0x0000000781100000|100%| O|  |TAMS 0x0000000781000000, 0x0000000781000000| Untracked 
|  17|0x0000000781100000, 0x0000000781200000, 0x0000000781200000|100%| O|  |TAMS 0x0000000781100000, 0x0000000781100000| Untracked 
|  18|0x0000000781200000, 0x0000000781300000, 0x0000000781300000|100%| O|  |TAMS 0x0000000781200000, 0x0000000781200000| Untracked 
|  19|0x0000000781300000, 0x0000000781400000, 0x0000000781400000|100%| O|  |TAMS 0x0000000781300000, 0x0000000781300000| Untracked 
|  20|0x0000000781400000, 0x0000000781500000, 0x0000000781500000|100%| O|  |TAMS 0x0000000781400000, 0x0000000781400000| Untracked 
|  21|0x0000000781500000, 0x0000000781600000, 0x0000000781600000|100%| O|  |TAMS 0x0000000781500000, 0x0000000781500000| Untracked 
|  22|0x0000000781600000, 0x0000000781700000, 0x0000000781700000|100%| O|  |TAMS 0x0000000781600000, 0x0000000781600000| Untracked 
|  23|0x0000000781700000, 0x0000000781780000, 0x0000000781800000| 50%| O|  |TAMS 0x0000000781700000, 0x0000000781700000| Untracked 
|  24|0x0000000781800000, 0x0000000781900000, 0x0000000781900000|100%|HS|  |TAMS 0x0000000781800000, 0x0000000781800000| Complete 
|  25|0x0000000781900000, 0x0000000781a00000, 0x0000000781a00000|100%|HC|  |TAMS 0x0000000781900000, 0x0000000781900000| Complete 
|  26|0x0000000781a00000, 0x0000000781a00000, 0x0000000781b00000|  0%| F|  |TAMS 0x0000000781a00000, 0x0000000781a00000| Untracked 
|  27|0x0000000781b00000, 0x0000000781b00000, 0x0000000781c00000|  0%| F|  |TAMS 0x0000000781b00000, 0x0000000781b00000| Untracked 
|  28|0x0000000781c00000, 0x0000000781c00000, 0x0000000781d00000|  0%| F|  |TAMS 0x0000000781c00000, 0x0000000781c00000| Untracked 
|  29|0x0000000781d00000, 0x0000000781d00000, 0x0000000781e00000|  0%| F|  |TAMS 0x0000000781d00000, 0x0000000781d00000| Untracked 
|  30|0x0000000781e00000, 0x0000000781e00000, 0x0000000781f00000|  0%| F|  |TAMS 0x0000000781e00000, 0x0000000781e00000| Untracked 
|  31|0x0000000781f00000, 0x0000000781f00000, 0x0000000782000000|  0%| F|  |TAMS 0x0000000781f00000, 0x0000000781f00000| Untracked 
|  32|0x0000000782000000, 0x0000000782000000, 0x0000000782100000|  0%| F|  |TAMS 0x0000000782000000, 0x0000000782000000| Untracked 
|  33|0x0000000782100000, 0x0000000782100000, 0x0000000782200000|  0%| F|  |TAMS 0x0000000782100000, 0x0000000782100000| Untracked 
|  34|0x0000000782200000, 0x0000000782200000, 0x0000000782300000|  0%| F|  |TAMS 0x0000000782200000, 0x0000000782200000| Untracked 
|  35|0x0000000782300000, 0x0000000782300000, 0x0000000782400000|  0%| F|  |TAMS 0x0000000782300000, 0x0000000782300000| Untracked 
|  36|0x0000000782400000, 0x0000000782400000, 0x0000000782500000|  0%| F|  |TAMS 0x0000000782400000, 0x0000000782400000| Untracked 
|  37|0x0000000782500000, 0x0000000782500000, 0x0000000782600000|  0%| F|  |TAMS 0x0000000782500000, 0x0000000782500000| Untracked 
|  38|0x0000000782600000, 0x0000000782600000, 0x0000000782700000|  0%| F|  |TAMS 0x0000000782600000, 0x0000000782600000| Untracked 
|  39|0x0000000782700000, 0x0000000782700000, 0x0000000782800000|  0%| F|  |TAMS 0x0000000782700000, 0x0000000782700000| Untracked 
|  40|0x0000000782800000, 0x0000000782800000, 0x0000000782900000|  0%| F|  |TAMS 0x0000000782800000, 0x0000000782800000| Untracked 
|  41|0x0000000782900000, 0x0000000782900000, 0x0000000782a00000|  0%| F|  |TAMS 0x0000000782900000, 0x0000000782900000| Untracked 
|  42|0x0000000782a00000, 0x0000000782a00000, 0x0000000782b00000|  0%| F|  |TAMS 0x0000000782a00000, 0x0000000782a00000| Untracked 
|  43|0x0000000782b00000, 0x0000000782b00000, 0x0000000782c00000|  0%| F|  |TAMS 0x0000000782b00000, 0x0000000782b00000| Untracked 
|  44|0x0000000782c00000, 0x0000000782c00000, 0x0000000782d00000|  0%| F|  |TAMS 0x0000000782c00000, 0x0000000782c00000| Untracked 
|  45|0x0000000782d00000, 0x0000000782d00000, 0x0000000782e00000|  0%| F|  |TAMS 0x0000000782d00000, 0x0000000782d00000| Untracked 
|  46|0x0000000782e00000, 0x0000000782e00000, 0x0000000782f00000|  0%| F|  |TAMS 0x0000000782e00000, 0x0000000782e00000| Untracked 
|  47|0x0000000782f00000, 0x0000000782f00000, 0x0000000783000000|  0%| F|  |TAMS 0x0000000782f00000, 0x0000000782f00000| Untracked 
|  48|0x0000000783000000, 0x0000000783000000, 0x0000000783100000|  0%| F|  |TAMS 0x0000000783000000, 0x0000000783000000| Untracked 
|  49|0x0000000783100000, 0x0000000783100000, 0x0000000783200000|  0%| F|  |TAMS 0x0000000783100000, 0x0000000783100000| Untracked 
|  50|0x0000000783200000, 0x0000000783200000, 0x0000000783300000|  0%| F|  |TAMS 0x0000000783200000, 0x0000000783200000| Untracked 
|  51|0x0000000783300000, 0x0000000783300000, 0x0000000783400000|  0%| F|  |TAMS 0x0000000783300000, 0x0000000783300000| Untracked 
|  52|0x0000000783400000, 0x0000000783400000, 0x0000000783500000|  0%| F|  |TAMS 0x0000000783400000, 0x0000000783400000| Untracked 
|  53|0x0000000783500000, 0x0000000783500000, 0x0000000783600000|  0%| F|  |TAMS 0x0000000783500000, 0x0000000783500000| Untracked 
|  54|0x0000000783600000, 0x0000000783600000, 0x0000000783700000|  0%| F|  |TAMS 0x0000000783600000, 0x0000000783600000| Untracked 
|  55|0x0000000783700000, 0x0000000783700000, 0x0000000783800000|  0%| F|  |TAMS 0x0000000783700000, 0x0000000783700000| Untracked 
|  56|0x0000000783800000, 0x0000000783800000, 0x0000000783900000|  0%| F|  |TAMS 0x0000000783800000, 0x0000000783800000| Untracked 
|  57|0x0000000783900000, 0x0000000783900000, 0x0000000783a00000|  0%| F|  |TAMS 0x0000000783900000, 0x0000000783900000| Untracked 
|  58|0x0000000783a00000, 0x0000000783a00000, 0x0000000783b00000|  0%| F|  |TAMS 0x0000000783a00000, 0x0000000783a00000| Untracked 
|  59|0x0000000783b00000, 0x0000000783b00000, 0x0000000783c00000|  0%| F|  |TAMS 0x0000000783b00000, 0x0000000783b00000| Untracked 
|  60|0x0000000783c00000, 0x0000000783c00000, 0x0000000783d00000|  0%| F|  |TAMS 0x0000000783c00000, 0x0000000783c00000| Untracked 
|  61|0x0000000783d00000, 0x0000000783d00000, 0x0000000783e00000|  0%| F|  |TAMS 0x0000000783d00000, 0x0000000783d00000| Untracked 
|  62|0x0000000783e00000, 0x0000000783e00000, 0x0000000783f00000|  0%| F|  |TAMS 0x0000000783e00000, 0x0000000783e00000| Untracked 
|  63|0x0000000783f00000, 0x0000000783f00000, 0x0000000784000000|  0%| F|  |TAMS 0x0000000783f00000, 0x0000000783f00000| Untracked 
|  64|0x0000000784000000, 0x0000000784000000, 0x0000000784100000|  0%| F|  |TAMS 0x0000000784000000, 0x0000000784000000| Untracked 
|  65|0x0000000784100000, 0x0000000784100000, 0x0000000784200000|  0%| F|  |TAMS 0x0000000784100000, 0x0000000784100000| Untracked 
|  66|0x0000000784200000, 0x0000000784200000, 0x0000000784300000|  0%| F|  |TAMS 0x0000000784200000, 0x0000000784200000| Untracked 
|  67|0x0000000784300000, 0x0000000784300000, 0x0000000784400000|  0%| F|  |TAMS 0x0000000784300000, 0x0000000784300000| Untracked 
|  68|0x0000000784400000, 0x0000000784400000, 0x0000000784500000|  0%| F|  |TAMS 0x0000000784400000, 0x0000000784400000| Untracked 
|  69|0x0000000784500000, 0x0000000784500000, 0x0000000784600000|  0%| F|  |TAMS 0x0000000784500000, 0x0000000784500000| Untracked 
|  70|0x0000000784600000, 0x0000000784600000, 0x0000000784700000|  0%| F|  |TAMS 0x0000000784600000, 0x0000000784600000| Untracked 
|  71|0x0000000784700000, 0x0000000784700000, 0x0000000784800000|  0%| F|  |TAMS 0x0000000784700000, 0x0000000784700000| Untracked 
|  72|0x0000000784800000, 0x0000000784800000, 0x0000000784900000|  0%| F|  |TAMS 0x0000000784800000, 0x0000000784800000| Untracked 
|  73|0x0000000784900000, 0x0000000784900000, 0x0000000784a00000|  0%| F|  |TAMS 0x0000000784900000, 0x0000000784900000| Untracked 
|  74|0x0000000784a00000, 0x0000000784a00000, 0x0000000784b00000|  0%| F|  |TAMS 0x0000000784a00000, 0x0000000784a00000| Untracked 
|  75|0x0000000784b00000, 0x0000000784b00000, 0x0000000784c00000|  0%| F|  |TAMS 0x0000000784b00000, 0x0000000784b00000| Untracked 
|  76|0x0000000784c00000, 0x0000000784c00000, 0x0000000784d00000|  0%| F|  |TAMS 0x0000000784c00000, 0x0000000784c00000| Untracked 
|  77|0x0000000784d00000, 0x0000000784d00000, 0x0000000784e00000|  0%| F|  |TAMS 0x0000000784d00000, 0x0000000784d00000| Untracked 
|  78|0x0000000784e00000, 0x0000000784e00000, 0x0000000784f00000|  0%| F|  |TAMS 0x0000000784e00000, 0x0000000784e00000| Untracked 
|  79|0x0000000784f00000, 0x0000000785000000, 0x0000000785000000|100%| E|  |TAMS 0x0000000784f00000, 0x0000000784f00000| Complete 
|  80|0x0000000785000000, 0x0000000785100000, 0x0000000785100000|100%| E|CS|TAMS 0x0000000785000000, 0x0000000785000000| Complete 
|  81|0x0000000785100000, 0x0000000785200000, 0x0000000785200000|100%| E|CS|TAMS 0x0000000785100000, 0x0000000785100000| Complete 
|  82|0x0000000785200000, 0x0000000785300000, 0x0000000785300000|100%| E|CS|TAMS 0x0000000785200000, 0x0000000785200000| Complete 
|  83|0x0000000785300000, 0x000000078533a4d8, 0x0000000785400000| 22%| S|CS|TAMS 0x0000000785300000, 0x0000000785300000| Complete 
|  84|0x0000000785400000, 0x0000000785500000, 0x0000000785500000|100%| S|CS|TAMS 0x0000000785400000, 0x0000000785400000| Complete 
|  85|0x0000000785500000, 0x0000000785600000, 0x0000000785600000|100%| S|CS|TAMS 0x0000000785500000, 0x0000000785500000| Complete 
|  86|0x0000000785600000, 0x0000000785700000, 0x0000000785700000|100%| E|CS|TAMS 0x0000000785600000, 0x0000000785600000| Complete 
|  87|0x0000000785700000, 0x0000000785800000, 0x0000000785800000|100%| E|CS|TAMS 0x0000000785700000, 0x0000000785700000| Complete 
|  88|0x0000000785800000, 0x0000000785900000, 0x0000000785900000|100%| E|CS|TAMS 0x0000000785800000, 0x0000000785800000| Complete 
|  89|0x0000000785900000, 0x0000000785a00000, 0x0000000785a00000|100%| E|CS|TAMS 0x0000000785900000, 0x0000000785900000| Complete 
|  90|0x0000000785a00000, 0x0000000785b00000, 0x0000000785b00000|100%| E|CS|TAMS 0x0000000785a00000, 0x0000000785a00000| Complete 
|  91|0x0000000785b00000, 0x0000000785c00000, 0x0000000785c00000|100%| E|CS|TAMS 0x0000000785b00000, 0x0000000785b00000| Complete 
|  92|0x0000000785c00000, 0x0000000785d00000, 0x0000000785d00000|100%| E|CS|TAMS 0x0000000785c00000, 0x0000000785c00000| Complete 
|  93|0x0000000785d00000, 0x0000000785e00000, 0x0000000785e00000|100%| E|CS|TAMS 0x0000000785d00000, 0x0000000785d00000| Complete 
|  94|0x0000000785e00000, 0x0000000785f00000, 0x0000000785f00000|100%| E|CS|TAMS 0x0000000785e00000, 0x0000000785e00000| Complete 
|  95|0x0000000785f00000, 0x0000000786000000, 0x0000000786000000|100%| E|CS|TAMS 0x0000000785f00000, 0x0000000785f00000| Complete 
|  96|0x0000000786000000, 0x0000000786100000, 0x0000000786100000|100%| E|CS|TAMS 0x0000000786000000, 0x0000000786000000| Complete 
|  97|0x0000000786100000, 0x0000000786200000, 0x0000000786200000|100%| E|CS|TAMS 0x0000000786100000, 0x0000000786100000| Complete 
|  98|0x0000000786200000, 0x0000000786300000, 0x0000000786300000|100%| E|CS|TAMS 0x0000000786200000, 0x0000000786200000| Complete 
|  99|0x0000000786300000, 0x0000000786400000, 0x0000000786400000|100%| E|CS|TAMS 0x0000000786300000, 0x0000000786300000| Complete 
| 100|0x0000000786400000, 0x0000000786500000, 0x0000000786500000|100%| E|CS|TAMS 0x0000000786400000, 0x0000000786400000| Complete 
| 101|0x0000000786500000, 0x0000000786600000, 0x0000000786600000|100%| E|CS|TAMS 0x0000000786500000, 0x0000000786500000| Complete 
| 102|0x0000000786600000, 0x0000000786700000, 0x0000000786700000|100%| E|CS|TAMS 0x0000000786600000, 0x0000000786600000| Complete 
| 103|0x0000000786700000, 0x0000000786800000, 0x0000000786800000|100%| E|CS|TAMS 0x0000000786700000, 0x0000000786700000| Complete 
| 104|0x0000000786800000, 0x0000000786900000, 0x0000000786900000|100%| E|CS|TAMS 0x0000000786800000, 0x0000000786800000| Complete 
| 105|0x0000000786900000, 0x0000000786a00000, 0x0000000786a00000|100%| E|CS|TAMS 0x0000000786900000, 0x0000000786900000| Complete 
| 106|0x0000000786a00000, 0x0000000786b00000, 0x0000000786b00000|100%| E|CS|TAMS 0x0000000786a00000, 0x0000000786a00000| Complete 
| 107|0x0000000786b00000, 0x0000000786c00000, 0x0000000786c00000|100%| E|CS|TAMS 0x0000000786b00000, 0x0000000786b00000| Complete 
| 108|0x0000000786c00000, 0x0000000786d00000, 0x0000000786d00000|100%| E|CS|TAMS 0x0000000786c00000, 0x0000000786c00000| Complete 
| 109|0x0000000786d00000, 0x0000000786e00000, 0x0000000786e00000|100%| E|CS|TAMS 0x0000000786d00000, 0x0000000786d00000| Complete 
| 110|0x0000000786e00000, 0x0000000786f00000, 0x0000000786f00000|100%| E|CS|TAMS 0x0000000786e00000, 0x0000000786e00000| Complete 
| 111|0x0000000786f00000, 0x0000000787000000, 0x0000000787000000|100%| E|CS|TAMS 0x0000000786f00000, 0x0000000786f00000| Complete 
| 112|0x0000000787000000, 0x0000000787100000, 0x0000000787100000|100%| E|CS|TAMS 0x0000000787000000, 0x0000000787000000| Complete 
| 113|0x0000000787100000, 0x0000000787200000, 0x0000000787200000|100%| E|CS|TAMS 0x0000000787100000, 0x0000000787100000| Complete 
| 114|0x0000000787200000, 0x0000000787300000, 0x0000000787300000|100%| E|CS|TAMS 0x0000000787200000, 0x0000000787200000| Complete 
| 115|0x0000000787300000, 0x0000000787400000, 0x0000000787400000|100%| E|CS|TAMS 0x0000000787300000, 0x0000000787300000| Complete 
| 116|0x0000000787400000, 0x0000000787500000, 0x0000000787500000|100%| E|  |TAMS 0x0000000787400000, 0x0000000787400000| Complete 
| 117|0x0000000787500000, 0x0000000787600000, 0x0000000787600000|100%| E|CS|TAMS 0x0000000787500000, 0x0000000787500000| Complete 
| 118|0x0000000787600000, 0x0000000787700000, 0x0000000787700000|100%| E|CS|TAMS 0x0000000787600000, 0x0000000787600000| Complete 
| 119|0x0000000787700000, 0x0000000787800000, 0x0000000787800000|100%| E|CS|TAMS 0x0000000787700000, 0x0000000787700000| Complete 
| 120|0x0000000787800000, 0x0000000787900000, 0x0000000787900000|100%| E|CS|TAMS 0x0000000787800000, 0x0000000787800000| Complete 
| 121|0x0000000787900000, 0x0000000787a00000, 0x0000000787a00000|100%| E|CS|TAMS 0x0000000787900000, 0x0000000787900000| Complete 
| 122|0x0000000787a00000, 0x0000000787b00000, 0x0000000787b00000|100%| E|CS|TAMS 0x0000000787a00000, 0x0000000787a00000| Complete 
| 123|0x0000000787b00000, 0x0000000787c00000, 0x0000000787c00000|100%| E|CS|TAMS 0x0000000787b00000, 0x0000000787b00000| Complete 
| 124|0x0000000787c00000, 0x0000000787d00000, 0x0000000787d00000|100%| E|CS|TAMS 0x0000000787c00000, 0x0000000787c00000| Complete 
| 125|0x0000000787d00000, 0x0000000787e00000, 0x0000000787e00000|100%| E|CS|TAMS 0x0000000787d00000, 0x0000000787d00000| Complete 
| 126|0x0000000787e00000, 0x0000000787f00000, 0x0000000787f00000|100%| E|CS|TAMS 0x0000000787e00000, 0x0000000787e00000| Complete 
| 127|0x0000000787f00000, 0x0000000788000000, 0x0000000788000000|100%| E|CS|TAMS 0x0000000787f00000, 0x0000000787f00000| Complete 

Card table byte_map: [0x000000010c1ac000,0x000000010c5ac000] _byte_map_base: 0x00000001085ac000

Marking Bits (Prev, Next): (CMBitMap*) 0x00007f8506835a50, (CMBitMap*) 0x00007f8506835a18
 Prev Bits: [0x000000010fa3f000, 0x0000000111a3f000)
 Next Bits: [0x000000010da3f000, 0x000000010fa3f000)

Polling page: 0x000000010baa4000

Metaspace:

Usage:
  Non-class:     27.98 MB capacity,    27.29 MB ( 98%) used,   561.27 KB (  2%) free+waste,   140.62 KB ( <1%) overhead. 
      Class:      4.19 MB capacity,     3.68 MB ( 88%) used,   453.62 KB ( 11%) free+waste,    68.88 KB (  2%) overhead. 
       Both:     32.16 MB capacity,    30.97 MB ( 96%) used,  1014.89 KB (  3%) free+waste,   209.50 KB ( <1%) overhead. 

Virtual space:
  Non-class space:       30.00 MB reserved,      28.25 MB ( 94%) committed 
      Class space:        1.00 GB reserved,       4.25 MB ( <1%) committed 
             Both:        1.03 GB reserved,      32.50 MB (  3%) committed 

Chunk freelists:
   Non-Class:  89.00 KB
       Class:  0 bytes
        Both:  89.00 KB

MaxMetaspaceSize: unlimited
CompressedClassSpaceSize: 1.00 GB
Initial GC threshold: 20.80 MB
Current GC threshold: 35.00 MB
CDS: off

CodeHeap 'non-profiled nmethods': size=120032Kb used=2269Kb max_used=2269Kb free=117762Kb
 bounds [0x0000000121e42000, 0x00000001220b2000, 0x000000012937a000]
CodeHeap 'profiled nmethods': size=120032Kb used=9527Kb max_used=9527Kb free=110504Kb
 bounds [0x000000011a90a000, 0x000000011b25a000, 0x0000000121e42000]
CodeHeap 'non-nmethods': size=5696Kb used=1528Kb max_used=1585Kb free=4167Kb
 bounds [0x000000011a37a000, 0x000000011a5ea000, 0x000000011a90a000]
 total_blobs=5168 nmethods=4357 adapters=732
 compilation: enabled
              stopped_count=0, restarted_count=0
 full_count=0

Compilation events (20 events):
Event: 11.060 Thread 0x00007f85068f3800 4395       2       javafx.scene.layout.Region::snapSpaceY (17 bytes)
Event: 11.061 Thread 0x00007f85068f3800 nmethod 4395 0x000000011b24f090 code [0x000000011b24f2a0, 0x000000011b24f570]
Event: 11.061 Thread 0x00007f85068f3800 4396       2       javafx.scene.layout.GridPane::getNodeColumnSpan (18 bytes)
Event: 11.062 Thread 0x00007f85068f3800 nmethod 4396 0x000000011b24f810 code [0x000000011b24fa00, 0x000000011b24fdd0]
Event: 11.062 Thread 0x00007f85068f2800 nmethod 4247 0x0000000122078a90 code [0x0000000122078c60, 0x0000000122078ec8]
Event: 11.062 Thread 0x00007f85068f3800 4397       2       javafx.scene.layout.Region::snapSpace (14 bytes)
Event: 11.062 Thread 0x00007f85068f2800 4392   !   4       com.sun.javafx.text.PrismTextLayout::layout (1635 bytes)
Event: 11.062 Thread 0x00007f85068f3800 nmethod 4397 0x000000011b250010 code [0x000000011b2501c0, 0x000000011b2502e0]
Event: 11.063 Thread 0x00007f85068f3800 4394       1       javafx.geometry.Pos::getHpos (5 bytes)
Event: 11.063 Thread 0x00007f85068f3800 nmethod 4394 0x0000000122079190 code [0x0000000122079340, 0x00000001220793f0]
Event: 11.063 Thread 0x00007f85068f3800 4398       3       com.sun.javafx.sg.prism.NGNode::markTreeDirty (162 bytes)
Event: 11.064 Thread 0x00007f85068f3800 nmethod 4398 0x000000011b250390 code [0x000000011b2505c0, 0x000000011b250d90]
Event: 11.064 Thread 0x00007f85068f3800 4400       3       com.sun.javafx.sg.prism.NGNode::geometryChanged (20 bytes)
Event: 11.065 Thread 0x00007f85068f3800 nmethod 4400 0x000000011b250f90 code [0x000000011b2511c0, 0x000000011b251790]
Event: 11.065 Thread 0x00007f85068f3800 4399       3       com.sun.javafx.geom.transform.Identity::equals (23 bytes)
Event: 11.065 Thread 0x00007f85068f3800 nmethod 4399 0x000000011b251990 code [0x000000011b251b60, 0x000000011b251fc0]
Event: 11.065 Thread 0x00007f85068f3800 4401       3       javafx.scene.text.Text::getTextLayout (176 bytes)
Event: 11.071 Thread 0x00007f85068f3800 nmethod 4401 0x000000011b252090 code [0x000000011b2525c0, 0x000000011b2555a0]
Event: 11.071 Thread 0x00007f85068f3800 4402       1       javafx.scene.layout.Background::isFillPercentageBased (5 bytes)
Event: 11.071 Thread 0x00007f85068f3800 nmethod 4402 0x0000000122079490 code [0x0000000122079640, 0x00000001220796f0]

GC Heap History (8 events):
Event: 0.902 GC heap before
{Heap before GC invocations=0 (full 0):
 garbage-first heap   total 131072K, used 13312K [0x0000000780000000, 0x0000000800000000)
  region size 1024K, 14 young (14336K), 0 survivors (0K)
 Metaspace       used 10530K, capacity 10716K, committed 11008K, reserved 1058816K
  class space    used 921K, capacity 973K, committed 1024K, reserved 1048576K
}
Event: 0.907 GC heap after
{Heap after GC invocations=1 (full 0):
 garbage-first heap   total 131072K, used 2489K [0x0000000780000000, 0x0000000800000000)
  region size 1024K, 2 young (2048K), 2 survivors (2048K)
 Metaspace       used 10530K, capacity 10716K, committed 11008K, reserved 1058816K
  class space    used 921K, capacity 973K, committed 1024K, reserved 1048576K
}
Event: 2.660 GC heap before
{Heap before GC invocations=1 (full 0):
 garbage-first heap   total 131072K, used 65977K [0x0000000780000000, 0x0000000800000000)
  region size 1024K, 66 young (67584K), 2 survivors (2048K)
 Metaspace       used 20505K, capacity 21033K, committed 21248K, reserved 1069056K
  class space    used 2215K, capacity 2461K, committed 2560K, reserved 1048576K
}
Event: 2.674 GC heap after
{Heap after GC invocations=2 (full 0):
 garbage-first heap   total 131072K, used 6416K [0x0000000780000000, 0x0000000800000000)
  region size 1024K, 6 young (6144K), 6 survivors (6144K)
 Metaspace       used 20505K, capacity 21033K, committed 21248K, reserved 1069056K
  class space    used 2215K, capacity 2461K, committed 2560K, reserved 1048576K
}
Event: 3.218 GC heap before
{Heap before GC invocations=3 (full 0):
 garbage-first heap   total 131072K, used 38160K [0x0000000780000000, 0x0000000800000000)
  region size 1024K, 36 young (36864K), 6 survivors (6144K)
 Metaspace       used 22804K, capacity 23361K, committed 23808K, reserved 1071104K
  class space    used 2493K, capacity 2703K, committed 2816K, reserved 1048576K
}
Event: 3.260 GC heap after
{Heap after GC invocations=4 (full 0):
 garbage-first heap   total 131072K, used 23166K [0x0000000780000000, 0x0000000800000000)
  region size 1024K, 5 young (5120K), 5 survivors (5120K)
 Metaspace       used 22804K, capacity 23361K, committed 23808K, reserved 1071104K
  class space    used 2493K, capacity 2703K, committed 2816K, reserved 1048576K
}
Event: 4.367 GC heap before
{Heap before GC invocations=4 (full 0):
 garbage-first heap   total 131072K, used 61054K [0x0000000780000000, 0x0000000800000000)
  region size 1024K, 42 young (43008K), 5 survivors (5120K)
 Metaspace       used 27822K, capacity 28915K, committed 29056K, reserved 1075200K
  class space    used 3432K, capacity 3867K, committed 3968K, reserved 1048576K
}
Event: 4.393 GC heap after
{Heap after GC invocations=5 (full 0):
 garbage-first heap   total 131072K, used 26345K [0x0000000780000000, 0x0000000800000000)
  region size 1024K, 3 young (3072K), 3 survivors (3072K)
 Metaspace       used 27822K, capacity 28915K, committed 29056K, reserved 1075200K
  class space    used 3432K, capacity 3867K, committed 3968K, reserved 1048576K
}

Deoptimization events (20 events):
Event: 10.836 Thread 0x00007f8508133000 DEOPT PACKING pc=0x000000012205a0a0 sp=0x00007ff7b4593810
Event: 10.836 Thread 0x00007f8508133000 DEOPT UNPACKING pc=0x000000011a3c3ea5 sp=0x00007ff7b4593790 mode 2
Event: 10.836 Thread 0x00007f8508133000 Uncommon trap: trap_request=0xffffffd6 fr.pc=0x000000012205a0a0 relative=0x0000000000001000
Event: 10.836 Thread 0x00007f8508133000 Uncommon trap: reason=array_check action=maybe_recompile pc=0x000000012205a0a0 method=javafx.css.SimpleSelector.applies(Ljavafx/css/Styleable;[Ljava/util/Set;I)Z @ 37 c2
Event: 10.836 Thread 0x00007f8508133000 DEOPT PACKING pc=0x000000012205a0a0 sp=0x00007ff7b4593810
Event: 10.836 Thread 0x00007f8508133000 DEOPT UNPACKING pc=0x000000011a3c3ea5 sp=0x00007ff7b4593790 mode 2
Event: 10.836 Thread 0x00007f8508133000 Uncommon trap: trap_request=0xffffffd6 fr.pc=0x000000012205a0a0 relative=0x0000000000001000
Event: 10.836 Thread 0x00007f8508133000 Uncommon trap: reason=array_check action=maybe_recompile pc=0x000000012205a0a0 method=javafx.css.SimpleSelector.applies(Ljavafx/css/Styleable;[Ljava/util/Set;I)Z @ 37 c2
Event: 10.836 Thread 0x00007f8508133000 DEOPT PACKING pc=0x000000012205a0a0 sp=0x00007ff7b4593770
Event: 10.836 Thread 0x00007f8508133000 DEOPT UNPACKING pc=0x000000011a3c3ea5 sp=0x00007ff7b45936f0 mode 2
Event: 10.836 Thread 0x00007f8508133000 Uncommon trap: trap_request=0xffffffd6 fr.pc=0x0000000122054eac relative=0x00000000000002cc
Event: 10.836 Thread 0x00007f8508133000 Uncommon trap: reason=array_check action=maybe_recompile pc=0x0000000122054eac method=javafx.css.SimpleSelector.applies(Ljavafx/css/Styleable;[Ljava/util/Set;I)Z @ 37 c2
Event: 10.836 Thread 0x00007f8508133000 DEOPT PACKING pc=0x0000000122054eac sp=0x00007ff7b4593680
Event: 10.836 Thread 0x00007f8508133000 DEOPT UNPACKING pc=0x000000011a3c3ea5 sp=0x00007ff7b4593648 mode 2
Event: 10.851 Thread 0x00007f8508133000 DEOPT PACKING pc=0x000000011ad9f90e sp=0x00007ff7b4592ec0
Event: 10.851 Thread 0x00007f8508133000 DEOPT UNPACKING pc=0x000000011a3c464a sp=0x00007ff7b45923c8 mode 0
Event: 11.062 Thread 0x00007f8508133000 Uncommon trap: trap_request=0xffffff4d fr.pc=0x0000000122047158 relative=0x0000000000000098
Event: 11.062 Thread 0x00007f8508133000 Uncommon trap: reason=unstable_if action=reinterpret pc=0x0000000122047158 method=it.polito.tdp.imdb.model.Actor.equals(Ljava/lang/Object;)Z @ 2 c2
Event: 11.062 Thread 0x00007f8508133000 DEOPT PACKING pc=0x0000000122047158 sp=0x00007ff7b45944f0
Event: 11.062 Thread 0x00007f8508133000 DEOPT UNPACKING pc=0x000000011a3c3ea5 sp=0x00007ff7b45944a0 mode 2

Classes redefined (0 events):
No events

Internal exceptions (20 events):
Event: 2.579 Thread 0x00007f8508133000 Exception <a 'java/lang/NoClassDefFoundError'{0x0000000784373218}: com/sun/jna/Platform> (0x0000000784373218) thrown at [./src/hotspot/share/classfile/systemDictionary.cpp, line 219]
Event: 2.634 Thread 0x00007f8508133000 Exception <a 'java/lang/NoSuchMethodError'{0x00000007840e17e0}: 'java.lang.Object java.lang.invoke.DirectMethodHandle$Holder.invokeStaticInit(java.lang.Object, java.lang.Object, long, java.lang.Object)'> (0x00000007840e17e0) thrown at [./src/hotspot/share/interpreter/linkResolver.cpp, line 773]
Event: 2.636 Thread 0x00007f8508133000 Exception <a 'java/lang/NoSuchMethodError'{0x00000007840ed738}: 'java.lang.Object java.lang.invoke.Invokers$Holder.linkToTargetMethod(java.lang.Object, long, java.lang.Object)'> (0x00000007840ed738) thrown at [./src/hotspot/share/interpreter/linkResolver.cpp, line 773]
Event: 2.641 Thread 0x00007f8508133000 Exception <a 'java/lang/NoClassDefFoundError'{0x0000000783f2f3d8}: com/sun/jna/Platform> (0x0000000783f2f3d8) thrown at [./src/hotspot/share/classfile/systemDictionary.cpp, line 219]
Event: 2.692 Thread 0x00007f8508133000 Implicit null exception at 0x0000000121ed1c7e to 0x0000000121ed2ed4
Event: 3.207 Thread 0x00007f8508133000 Implicit null exception at 0x0000000121ecc396 to 0x0000000121ecc95c
Event: 3.472 Thread 0x00007f8508133000 Exception <a 'java/io/FileNotFoundException'{0x00000007878f90c0}> (0x00000007878f90c0) thrown at [./src/hotspot/share/prims/jni.cpp, line 616]
Event: 3.844 Thread 0x00007f8508133000 Exception <a 'java/lang/NoSuchMethodError'{0x000000078736e118}: 'java.lang.Object java.lang.invoke.Invokers$Holder.linkToTargetMethod(java.lang.Object, int, java.lang.Object)'> (0x000000078736e118) thrown at [./src/hotspot/share/interpreter/linkResolver.cpp, line 773]
Event: 3.870 Thread 0x00007f8508133000 Exception <a 'java/lang/NoSuchMethodError'{0x0000000787273130}: 'java.lang.Object java.lang.invoke.DirectMethodHandle$Holder.invokeInterface(java.lang.Object, java.lang.Object, java.lang.Object)'> (0x0000000787273130) thrown at [./src/hotspot/share/interpreter/linkResolver.cpp, line 773]
Event: 3.870 Thread 0x00007f8508133000 Exception <a 'java/lang/IncompatibleClassChangeError'{0x00000007872762e8}: Found class java.lang.Object, but interface was expected> (0x00000007872762e8) thrown at [./src/hotspot/share/interpreter/linkResolver.cpp, line 839]
Event: 4.009 Thread 0x00007f8508133000 Exception <a 'java/lang/NoSuchMethodError'{0x0000000786dad6c0}: 'void java.lang.invoke.DirectMethodHandle$Holder.invokeSpecialIFC(java.lang.Object, java.lang.Object, java.lang.Object, java.lang.Object)'> (0x0000000786dad6c0) thrown at [./src/hotspot/share/interpreter/linkResolver.cpp, line 773]
Event: 4.494 Thread 0x00007f8508133000 Exception <a 'java/lang/NoSuchMethodError'{0x0000000787c7b5b8}: 'java.lang.Object java.lang.invoke.Invokers$Holder.linkToTargetMethod(java.lang.Object, int, int, java.lang.Object)'> (0x0000000787c7b5b8) thrown at [./src/hotspot/share/interpreter/linkResolver.cpp, line 773]
Event: 4.607 Thread 0x00007f850807e800 Exception <a 'java/lang/NoSuchMethodError'{0x00000007879a46d8}: 'int java.lang.invoke.DirectMethodHandle$Holder.invokeStaticInit(java.lang.Object, java.lang.Object)'> (0x00000007879a46d8) thrown at [./src/hotspot/share/interpreter/linkResolver.cpp, line 773]
Event: 4.627 Thread 0x00007f8508133000 Exception <a 'java/lang/NoSuchMethodError'{0x00000007878a4fb0}: 'java.lang.Object java.lang.invoke.DirectMethodHandle$Holder.invokeStatic(java.lang.Object, java.lang.Object, long, int, int, int)'> (0x00000007878a4fb0) thrown at [./src/hotspot/share/interpreter/linkResolver.cpp, line 773]
Event: 4.630 Thread 0x00007f8508133000 Exception <a 'java/lang/NoSuchMethodError'{0x00000007878b8c18}: 'java.lang.Object java.lang.invoke.DirectMethodHandle$Holder.invokeStatic(java.lang.Object, java.lang.Object, int, java.lang.Object, long, int, int, int, int)'> (0x00000007878b8c18) thrown at [./src/hotspot/share/interpreter/linkResolver.cpp, line 773]
Event: 5.835 Thread 0x00007f8508133000 Exception <a 'java/lang/NoSuchMethodError'{0x0000000786d28038}: 'long java.lang.invoke.DirectMethodHandle$Holder.invokeStaticInit(java.lang.Object, java.lang.Object, java.lang.Object)'> (0x0000000786d28038) thrown at [./src/hotspot/share/interpreter/linkResolver.cpp, line 773]
Event: 5.837 Thread 0x00007f8508133000 Exception <a 'java/lang/NoSuchMethodError'{0x0000000786d3aad8}: 'java.lang.Object java.lang.invoke.DirectMethodHandle$Holder.invokeSpecial(java.lang.Object, java.lang.Object, long)'> (0x0000000786d3aad8) thrown at [./src/hotspot/share/interpreter/linkResolver.cpp, line 773]
Event: 5.858 Thread 0x00007f850807e800 Exception <a 'java/lang/NoSuchMethodError'{0x00000007870ebb20}: 'java.lang.Object java.lang.invoke.DirectMethodHandle$Holder.invokeStaticInit(java.lang.Object, int)'> (0x00000007870ebb20) thrown at [./src/hotspot/share/interpreter/linkResolver.cpp, line 773]
Event: 6.370 Thread 0x00007f8508133000 Exception <a 'java/lang/NoSuchMethodError'{0x0000000786c87108}: 'java.lang.Object java.lang.invoke.DirectMethodHandle$Holder.invokeStatic(java.lang.Object, java.lang.Object, int, java.lang.Object, double, double, double, double, double, double, int, int, int, int, int, int, int, int)'> (0x0000000786c87108) thrown at [./src/hotspot/share/interpreter/linkResolver.cpp, line 773]
Event: 9.709 Thread 0x00007f8508133000 Implicit null exception at 0x0000000121f14295 to 0x0000000121f14a90

Events (20 events):
Event: 9.716 loading class org/jgrapht/graph/specifics/UndirectedEdgeContainer
Event: 9.716 loading class org/jgrapht/graph/specifics/UndirectedEdgeContainer done
Event: 9.716 loading class org/jgrapht/util/ArrayUnenforcedSet
Event: 9.716 loading class org/jgrapht/util/ArrayUnenforcedSet done
Event: 9.749 loading class it/polito/tdp/imdb/db/Coppia
Event: 9.749 loading class it/polito/tdp/imdb/db/Coppia done
Event: 9.757 Thread 0x00007f850cbd1800 Thread added: 0x00007f850cbd1800
Event: 9.757 Protecting memory [0x000070000cdfb000,0x000070000cdff000] with protection modes 0
Event: 9.817 Executing VM operation: RevokeBias
Event: 9.817 Executing VM operation: RevokeBias done
Event: 9.817 Executing VM operation: RevokeBias
Event: 9.817 Executing VM operation: RevokeBias done
Event: 10.273 Protecting memory [0x000070000cdfb000,0x000070000cdff000] with protection modes 3
Event: 10.274 Thread 0x00007f850cbd1800 Thread exited: 0x00007f850cbd1800
Event: 10.518 Thread 0x00007f850bc43800 Thread added: 0x00007f850bc43800
Event: 10.518 Protecting memory [0x000070000cdfb000,0x000070000cdff000] with protection modes 0
Event: 10.734 Executing VM operation: ICBufferFull
Event: 10.734 Executing VM operation: ICBufferFull done
Event: 11.066 Executing VM operation: ICBufferFull
Event: 11.066 Executing VM operation: ICBufferFull done


Dynamic libraries:
0x000000010ba85000 	/Library/Java/JavaVirtualMachines/temurin-11.jdk/Contents/Home/lib/jli/libjli.dylib
0x00007ff81fcd6000 	/System/Library/Frameworks/Cocoa.framework/Versions/A/Cocoa
0x00007ff80b93f000 	/System/Library/Frameworks/AppKit.framework/Versions/C/AppKit
0x00007ff80ee52000 	/System/Library/Frameworks/CoreData.framework/Versions/A/CoreData
0x00007ff809d43000 	/System/Library/Frameworks/Foundation.framework/Versions/C/Foundation
0x00007ff813c6b000 	/usr/lib/libSystem.B.dylib
0x00007ff80c7ce000 	/System/Library/PrivateFrameworks/UIFoundation.framework/Versions/A/UIFoundation
0x00007ff819bda000 	/System/Library/PrivateFrameworks/RemoteViewServices.framework/Versions/A/RemoteViewServices
0x00007ff811ec0000 	/System/Library/PrivateFrameworks/XCTTargetBootstrap.framework/Versions/A/XCTTargetBootstrap
0x00007ff815a72000 	/System/Library/PrivateFrameworks/InternationalSupport.framework/Versions/A/InternationalSupport
0x00007ff815afc000 	/System/Library/PrivateFrameworks/UserActivity.framework/Versions/A/UserActivity
0x00007ff814e52000 	/usr/lib/libspindump.dylib
0x00007ff80ca5c000 	/System/Library/Frameworks/UniformTypeIdentifiers.framework/Versions/A/UniformTypeIdentifiers
0x00007ff8105e8000 	/usr/lib/libapp_launch_measurement.dylib
0x00007ff80f823000 	/System/Library/PrivateFrameworks/CoreAnalytics.framework/Versions/A/CoreAnalytics
0x00007ff8105eb000 	/System/Library/PrivateFrameworks/CoreAutoLayout.framework/Versions/A/CoreAutoLayout
0x00007ff81181a000 	/System/Library/Frameworks/Metal.framework/Versions/A/Metal
0x00007ff812545000 	/usr/lib/liblangid.dylib
0x00007ff811ec5000 	/System/Library/PrivateFrameworks/CoreSVG.framework/Versions/A/CoreSVG
0x00007ff80de47000 	/System/Library/PrivateFrameworks/SkyLight.framework/Versions/A/SkyLight
0x00007ff80e1e5000 	/System/Library/Frameworks/CoreGraphics.framework/Versions/A/CoreGraphics
0x00007ff81a29a000 	/System/Library/Frameworks/Accelerate.framework/Versions/A/Accelerate
0x00007ff8148d1000 	/System/Library/PrivateFrameworks/IconServices.framework/Versions/A/IconServices
0x00007ff8117ff000 	/System/Library/Frameworks/IOSurface.framework/Versions/A/IOSurface
0x00007ff80f851000 	/usr/lib/libDiagnosticMessagesClient.dylib
0x00007ff813b8b000 	/usr/lib/libz.1.dylib
0x00007ff81d97a000 	/System/Library/Frameworks/ApplicationServices.framework/Versions/A/ApplicationServices
0x00007ff811eac000 	/System/Library/PrivateFrameworks/DFRFoundation.framework/Versions/A/DFRFoundation
0x00007ff80b227000 	/usr/lib/libicucore.A.dylib
0x00007ff816867000 	/System/Library/Frameworks/AudioToolbox.framework/Versions/A/AudioToolbox
0x00007ff815a7e000 	/System/Library/PrivateFrameworks/DataDetectorsCore.framework/Versions/A/DataDetectorsCore
0x00007ff911f65000 	/System/Library/PrivateFrameworks/TextInput.framework/Versions/A/TextInput
0x00007ff80ddca000 	/usr/lib/libMobileGestalt.dylib
0x00007ff811bb8000 	/System/Library/Frameworks/Carbon.framework/Versions/A/Frameworks/HIToolbox.framework/Versions/A/HIToolbox
0x00007ff80ffee000 	/System/Library/Frameworks/QuartzCore.framework/Versions/A/QuartzCore
0x00007ff80aecc000 	/System/Library/Frameworks/Security.framework/Versions/A/Security
0x00007ff819c12000 	/System/Library/Frameworks/Carbon.framework/Versions/A/Frameworks/SpeechRecognition.framework/Versions/A/SpeechRecognition
0x00007ff810348000 	/System/Library/PrivateFrameworks/CoreUI.framework/Versions/A/CoreUI
0x00007ff80a797000 	/System/Library/Frameworks/CoreAudio.framework/Versions/A/CoreAudio
0x00007ff80f940000 	/System/Library/Frameworks/DiskArbitration.framework/Versions/A/DiskArbitration
0x00007ff815240000 	/System/Library/PrivateFrameworks/MultitouchSupport.framework/Versions/A/MultitouchSupport
0x00007ff80ddc9000 	/usr/lib/libenergytrace.dylib
0x00007ff80b82b000 	/System/Library/Frameworks/IOKit.framework/Versions/A/IOKit
0x00007ff81a002000 	/System/Library/Frameworks/CoreServices.framework/Versions/A/CoreServices
0x00007ff810582000 	/System/Library/PrivateFrameworks/PerformanceAnalysis.framework/Versions/A/PerformanceAnalysis
0x00007ffa21c4a000 	/System/Library/Frameworks/OpenGL.framework/Versions/A/OpenGL
0x00007ff8131a7000 	/System/Library/PrivateFrameworks/MobileKeyBag.framework/Versions/A/MobileKeyBag
0x00007ff808d07000 	/usr/lib/libobjc.A.dylib
0x00007ff80e8b1000 	/System/Library/Frameworks/ColorSync.framework/Versions/A/ColorSync
0x00007ff808ec1000 	/System/Library/Frameworks/CoreFoundation.framework/Versions/A/CoreFoundation
0x00007ff81213b000 	/System/Library/Frameworks/CoreImage.framework/Versions/A/CoreImage
0x00007ff80a5ab000 	/System/Library/Frameworks/CoreText.framework/Versions/A/CoreText
0x00007ff811ef5000 	/System/Library/Frameworks/ImageIO.framework/Versions/A/ImageIO
0x00007ff813c71000 	/System/Library/PrivateFrameworks/SoftLinking.framework/Versions/A/SoftLinking
0x00007ff810633000 	/usr/lib/libxml2.2.dylib
0x00007ff808dcd000 	/usr/lib/libc++.1.dylib
0x00007ff813ef5000 	/usr/lib/libcompression.dylib
0x00007ff8159a5000 	/System/Library/PrivateFrameworks/TextureIO.framework/Versions/A/TextureIO
0x00007ff8145e3000 	/usr/lib/libate.dylib
0x00007ff813c66000 	/usr/lib/system/libcache.dylib
0x00007ff813c22000 	/usr/lib/system/libcommonCrypto.dylib
0x00007ff813c4b000 	/usr/lib/system/libcompiler_rt.dylib
0x00007ff813c41000 	/usr/lib/system/libcopyfile.dylib
0x00007ff808c02000 	/usr/lib/system/libcorecrypto.dylib
0x00007ff808cc0000 	/usr/lib/system/libdispatch.dylib
0x00007ff808e80000 	/usr/lib/system/libdyld.dylib
0x00007ff813c5d000 	/usr/lib/system/libkeymgr.dylib
0x00007ff813c00000 	/usr/lib/system/libmacho.dylib
0x00007ff813281000 	/usr/lib/system/libquarantine.dylib
0x00007ff813c5b000 	/usr/lib/system/libremovefile.dylib
0x00007ff80de17000 	/usr/lib/system/libsystem_asl.dylib
0x00007ff808bab000 	/usr/lib/system/libsystem_blocks.dylib
0x00007ff808d44000 	/usr/lib/system/libsystem_c.dylib
0x00007ff813c53000 	/usr/lib/system/libsystem_collections.dylib
0x00007ff812535000 	/usr/lib/system/libsystem_configuration.dylib
0x00007ff8117e2000 	/usr/lib/system/libsystem_containermanager.dylib
0x00007ff813938000 	/usr/lib/system/libsystem_coreservices.dylib
0x00007ff80b4bb000 	/usr/lib/system/libsystem_darwin.dylib
0x00007ff813c5e000 	/usr/lib/system/libsystem_dnssd.dylib
0x00007ff808d41000 	/usr/lib/system/libsystem_featureflags.dylib
0x00007ff808e96000 	/usr/lib/system/libsystem_info.dylib
0x00007ff813b9e000 	/usr/lib/system/libsystem_m.dylib
0x00007ff808c94000 	/usr/lib/system/libsystem_malloc.dylib
0x00007ff80ddb2000 	/usr/lib/system/libsystem_networkextension.dylib
0x00007ff80b8e1000 	/usr/lib/system/libsystem_notify.dylib
0x00007ff819ed7000 	/usr/lib/system/libsystem_product_info_filter.dylib
0x00007ff812539000 	/usr/lib/system/libsystem_sandbox.dylib
0x00007ff813c58000 	/usr/lib/system/libsystem_secinit.dylib
0x00007ff808e3c000 	/usr/lib/system/libsystem_kernel.dylib
0x00007ff808e8c000 	/usr/lib/system/libsystem_platform.dylib
0x00007ff808e74000 	/usr/lib/system/libsystem_pthread.dylib
0x00007ff80f663000 	/usr/lib/system/libsystem_symptoms.dylib
0x00007ff808be9000 	/usr/lib/system/libsystem_trace.dylib
0x00007ff813c2e000 	/usr/lib/system/libunwind.dylib
0x00007ff808bad000 	/usr/lib/system/libxpc.dylib
0x00007ff808e26000 	/usr/lib/libc++abi.dylib
0x00007ff813c39000 	/usr/lib/liboah.dylib
0x00007ff8143bf000 	/usr/lib/liblzma.5.dylib
0x00007ff809a52000 	/System/Library/Frameworks/SystemConfiguration.framework/Versions/A/SystemConfiguration
0x00007ff813c6d000 	/usr/lib/libfakelink.dylib
0x00007ff80d923000 	/System/Library/Frameworks/CFNetwork.framework/Versions/A/CFNetwork
0x00007ff813dae000 	/usr/lib/libarchive.2.dylib
0x00007ff812541000 	/System/Library/PrivateFrameworks/AppleSystemInfo.framework/Versions/A/AppleSystemInfo
0x00007ff8132a8000 	/usr/lib/libbsm.0.dylib
0x00007ff80cf32000 	/usr/lib/libnetwork.dylib
0x00007ff813c06000 	/usr/lib/system/libkxld.dylib
0x00007ff812edb000 	/System/Library/PrivateFrameworks/IOMobileFramebuffer.framework/Versions/A/IOMobileFramebuffer
0x00007ffb2101e000 	/usr/lib/libCoreEntitlements.dylib
0x00007ff81391a000 	/System/Library/PrivateFrameworks/AppleFSCompression.framework/Versions/A/AppleFSCompression
0x00007ff813290000 	/usr/lib/libcoretls.dylib
0x00007ff8143d9000 	/usr/lib/libcoretls_cfhelpers.dylib
0x00007ff813ef0000 	/usr/lib/libpam.2.dylib
0x00007ff80f283000 	/usr/lib/libsqlite3.dylib
0x00007ff814448000 	/usr/lib/libxar.1.dylib
0x00007ff81392a000 	/usr/lib/libbz2.1.0.dylib
0x00007ff813c72000 	/usr/lib/libpcap.A.dylib
0x00007ff80f65b000 	/usr/lib/libdns_services.dylib
0x00007ff813ec0000 	/usr/lib/libapple_nghttp2.dylib
0x00007ff813cac000 	/usr/lib/libiconv.2.dylib
0x00007ff813bff000 	/usr/lib/libcharset.1.dylib
0x00007ff8105b6000 	/System/Library/Frameworks/CoreServices.framework/Versions/A/Frameworks/FSEvents.framework/Versions/A/FSEvents
0x00007ff80b4c5000 	/System/Library/Frameworks/CoreServices.framework/Versions/A/Frameworks/CarbonCore.framework/Versions/A/CarbonCore
0x00007ff80f8a4000 	/System/Library/Frameworks/CoreServices.framework/Versions/A/Frameworks/Metadata.framework/Versions/A/Metadata
0x00007ff81393d000 	/System/Library/Frameworks/CoreServices.framework/Versions/A/Frameworks/OSServices.framework/Versions/A/OSServices
0x00007ff813e35000 	/System/Library/Frameworks/CoreServices.framework/Versions/A/Frameworks/SearchKit.framework/Versions/A/SearchKit
0x00007ff80f5ee000 	/System/Library/Frameworks/CoreServices.framework/Versions/A/Frameworks/AE.framework/Versions/A/AE
0x00007ff8093c4000 	/System/Library/Frameworks/CoreServices.framework/Versions/A/Frameworks/LaunchServices.framework/Versions/A/LaunchServices
0x00007ff814370000 	/System/Library/Frameworks/CoreServices.framework/Versions/A/Frameworks/DictionaryServices.framework/Versions/A/DictionaryServices
0x00007ff8105c3000 	/System/Library/Frameworks/CoreServices.framework/Versions/A/Frameworks/SharedFileList.framework/Versions/A/SharedFileList
0x00007ff813284000 	/usr/lib/libCheckFix.dylib
0x00007ff80de2e000 	/System/Library/PrivateFrameworks/TCC.framework/Versions/A/TCC
0x00007ff812547000 	/System/Library/PrivateFrameworks/CoreNLP.framework/Versions/A/CoreNLP
0x00007ff80f854000 	/System/Library/PrivateFrameworks/MetadataUtilities.framework/Versions/A/MetadataUtilities
0x00007ff809b06000 	/usr/lib/libmecabra.dylib
0x00007ff8132b8000 	/usr/lib/libmecab.dylib
0x00007ff809ad1000 	/usr/lib/libCRFSuite.dylib
0x00007ff813312000 	/usr/lib/libgermantok.dylib
0x00007ff813e9b000 	/usr/lib/libThaiTokenizer.dylib
0x00007ff80f947000 	/System/Library/Frameworks/Accelerate.framework/Versions/A/Frameworks/vImage.framework/Versions/A/vImage
0x00007ff819fd9000 	/System/Library/Frameworks/Accelerate.framework/Versions/A/Frameworks/vecLib.framework/Versions/A/vecLib
0x00007ff814489000 	/System/Library/Frameworks/Accelerate.framework/Versions/A/Frameworks/vecLib.framework/Versions/A/libvMisc.dylib
0x00007ff812d06000 	/System/Library/Frameworks/Accelerate.framework/Versions/A/Frameworks/vecLib.framework/Versions/A/libvDSP.dylib
0x00007ff809742000 	/System/Library/Frameworks/Accelerate.framework/Versions/A/Frameworks/vecLib.framework/Versions/A/libBLAS.dylib
0x00007ff813fd2000 	/System/Library/Frameworks/Accelerate.framework/Versions/A/Frameworks/vecLib.framework/Versions/A/libLAPACK.dylib
0x00007ff813315000 	/System/Library/Frameworks/Accelerate.framework/Versions/A/Frameworks/vecLib.framework/Versions/A/libLinearAlgebra.dylib
0x00007ff813ed8000 	/System/Library/Frameworks/Accelerate.framework/Versions/A/Frameworks/vecLib.framework/Versions/A/libSparseBLAS.dylib
0x00007ff813fcc000 	/System/Library/Frameworks/Accelerate.framework/Versions/A/Frameworks/vecLib.framework/Versions/A/libQuadrature.dylib
0x00007ff812632000 	/System/Library/Frameworks/Accelerate.framework/Versions/A/Frameworks/vecLib.framework/Versions/A/libBNNS.dylib
0x00007ff8099dc000 	/System/Library/Frameworks/Accelerate.framework/Versions/A/Frameworks/vecLib.framework/Versions/A/libSparse.dylib
0x00007ff81262b000 	/System/Library/PrivateFrameworks/LinguisticData.framework/Versions/A/LinguisticData
0x00007ff809992000 	/System/Library/PrivateFrameworks/Lexicon.framework/Versions/A/Lexicon
0x00007ff814482000 	/usr/lib/libChineseTokenizer.dylib
0x00007ff80a100000 	/System/Library/PrivateFrameworks/LanguageModeling.framework/Versions/A/LanguageModeling
0x00007ff813e9d000 	/System/Library/PrivateFrameworks/AppleSauce.framework/Versions/A/AppleSauce
0x00007ff812ec9000 	/System/Library/PrivateFrameworks/CoreEmoji.framework/Versions/A/CoreEmoji
0x00007ff813d9d000 	/usr/lib/libcmph.dylib
0x00007ff81059a000 	/System/Library/Frameworks/OpenDirectory.framework/Versions/A/Frameworks/CFOpenDirectory.framework/Versions/A/CFOpenDirectory
0x00007ff81058e000 	/System/Library/Frameworks/OpenDirectory.framework/Versions/A/OpenDirectory
0x00007ff8143db000 	/System/Library/PrivateFrameworks/APFS.framework/Versions/A/APFS
0x00007ff8131df000 	/System/Library/Frameworks/SecurityFoundation.framework/Versions/A/SecurityFoundation
0x00007ff814456000 	/usr/lib/libutil.dylib
0x00007ff80b7ef000 	/System/Library/PrivateFrameworks/CoreServicesStore.framework/Versions/A/CoreServicesStore
0x00007ff81445a000 	/usr/lib/libxslt.1.dylib
0x00007ff81326c000 	/System/Library/PrivateFrameworks/BackgroundTaskManagement.framework/Versions/A/BackgroundTaskManagement
0x00007ff8158c5000 	/System/Library/Frameworks/ImageIO.framework/Versions/A/Resources/libRadiance.dylib
0x00007ff8158ce000 	/System/Library/Frameworks/ImageIO.framework/Versions/A/Resources/libJPEG.dylib
0x00007ff81581f000 	/System/Library/Frameworks/ImageIO.framework/Versions/A/Resources/libPng.dylib
0x00007ff815840000 	/System/Library/Frameworks/ImageIO.framework/Versions/A/Resources/libTIFF.dylib
0x00007ff81592e000 	/System/Library/Frameworks/ImageIO.framework/Versions/A/Resources/libGIF.dylib
0x00007ff81515a000 	/System/Library/Frameworks/ImageIO.framework/Versions/A/Resources/libJP2.dylib
0x00007ff814898000 	/usr/lib/libexpat.1.dylib
0x00007ff81510f000 	/System/Library/PrivateFrameworks/AppleJPEG.framework/Versions/A/AppleJPEG
0x00007ff811a7c000 	/System/Library/PrivateFrameworks/FontServices.framework/libFontParser.dylib
0x00007ff80f598000 	/System/Library/PrivateFrameworks/RunningBoardServices.framework/Versions/A/RunningBoardServices
0x00007ff820291000 	/System/Library/PrivateFrameworks/IOSurfaceAccelerator.framework/Versions/A/IOSurfaceAccelerator
0x00007ff81523c000 	/System/Library/PrivateFrameworks/WatchdogClient.framework/Versions/A/WatchdogClient
0x00007ff80a1ee000 	/System/Library/Frameworks/CoreDisplay.framework/Versions/A/CoreDisplay
0x00007ff81197a000 	/System/Library/Frameworks/CoreMedia.framework/Versions/A/CoreMedia
0x00007ff811811000 	/System/Library/PrivateFrameworks/IOAccelerator.framework/Versions/A/IOAccelerator
0x00007ff810717000 	/System/Library/Frameworks/CoreVideo.framework/Versions/A/CoreVideo
0x00007ff813eee000 	/System/Library/Frameworks/MetalPerformanceShaders.framework/Versions/A/MetalPerformanceShaders
0x00007ff815279000 	/System/Library/Frameworks/VideoToolbox.framework/Versions/A/VideoToolbox
0x00007ff80f4e2000 	/System/Library/PrivateFrameworks/BaseBoard.framework/Versions/A/BaseBoard
0x00007ff80f269000 	/System/Library/PrivateFrameworks/ProtocolBuffer.framework/Versions/A/ProtocolBuffer
0x00007ff8158be000 	/System/Library/PrivateFrameworks/GPUWrangler.framework/Versions/A/GPUWrangler
0x00007ff8158a2000 	/System/Library/PrivateFrameworks/IOPresentment.framework/Versions/A/IOPresentment
0x00007ff8158c8000 	/System/Library/PrivateFrameworks/DSExternalDisplay.framework/Versions/A/DSExternalDisplay
0x00007ffa21c3e000 	/System/Library/Frameworks/OpenGL.framework/Versions/A/Libraries/libCoreFSCache.dylib
0x00007ffb0e742000 	/System/Library/PrivateFrameworks/GPUCompiler.framework/Versions/31001/Libraries/libGPUCompilerUtils.dylib
0x00007ff815933000 	/System/Library/PrivateFrameworks/CMCaptureCore.framework/Versions/A/CMCaptureCore
0x00007ff814e40000 	/System/Library/PrivateFrameworks/AppServerSupport.framework/Versions/A/AppServerSupport
0x00007ff8170ff000 	/System/Library/PrivateFrameworks/perfdata.framework/Versions/A/perfdata
0x00007ff80a31a000 	/System/Library/PrivateFrameworks/AudioToolboxCore.framework/Versions/A/AudioToolboxCore
0x00007ff811958000 	/System/Library/PrivateFrameworks/caulk.framework/Versions/A/caulk
0x00007ff816a11000 	/usr/lib/libAudioStatistics.dylib
0x00007ff90e708000 	/System/Library/PrivateFrameworks/SystemPolicy.framework/Versions/A/SystemPolicy
0x00007ff816c6c000 	/usr/lib/libSMC.dylib
0x00007ff81fb89000 	/System/Library/Frameworks/CoreMIDI.framework/Versions/A/CoreMIDI
0x00007ff8157ee000 	/usr/lib/libAudioToolboxUtility.dylib
0x00007ff90a93d000 	/System/Library/PrivateFrameworks/OSAServicesClient.framework/Versions/A/OSAServicesClient
0x00007ff81710c000 	/usr/lib/libperfcheck.dylib
0x00007ff90f1b2000 	/usr/lib/libmis.dylib
0x00007ffa21c99000 	/System/Library/Frameworks/OpenGL.framework/Versions/A/Libraries/libGLU.dylib
0x00007ffa21c5d000 	/System/Library/Frameworks/OpenGL.framework/Versions/A/Libraries/libGFXShared.dylib
0x00007ffa21e66000 	/System/Library/Frameworks/OpenGL.framework/Versions/A/Libraries/libGL.dylib
0x00007ffa21c66000 	/System/Library/Frameworks/OpenGL.framework/Versions/A/Libraries/libGLImage.dylib
0x00007ffa21c5a000 	/System/Library/Frameworks/OpenGL.framework/Versions/A/Libraries/libCVMSPluginSupport.dylib
0x00007ffa21c45000 	/System/Library/Frameworks/OpenGL.framework/Versions/A/Libraries/libCoreVMClient.dylib
0x00007ff8124c3000 	/System/Library/Frameworks/MetalPerformanceShaders.framework/Versions/A/Frameworks/MPSCore.framework/Versions/A/MPSCore
0x00007ff813885000 	/System/Library/Frameworks/MetalPerformanceShaders.framework/Versions/A/Frameworks/MPSImage.framework/Versions/A/MPSImage
0x00007ff81332b000 	/System/Library/Frameworks/MetalPerformanceShaders.framework/Versions/A/Frameworks/MPSNeuralNetwork.framework/Versions/A/MPSNeuralNetwork
0x00007ff81379f000 	/System/Library/Frameworks/MetalPerformanceShaders.framework/Versions/A/Frameworks/MPSMatrix.framework/Versions/A/MPSMatrix
0x00007ff81355a000 	/System/Library/Frameworks/MetalPerformanceShaders.framework/Versions/A/Frameworks/MPSRayIntersector.framework/Versions/A/MPSRayIntersector
0x00007ff8137d7000 	/System/Library/Frameworks/MetalPerformanceShaders.framework/Versions/A/Frameworks/MPSNDArray.framework/Versions/A/MPSNDArray
0x00007ffa26e60000 	/System/Library/Frameworks/MetalPerformanceShaders.framework/Versions/A/Frameworks/MPSFunctions.framework/Versions/A/MPSFunctions
0x00007ff80961b000 	/System/Library/PrivateFrameworks/MetalTools.framework/Versions/A/MetalTools
0x00007ff81253f000 	/System/Library/PrivateFrameworks/AggregateDictionary.framework/Versions/A/AggregateDictionary
0x00007ff81467a000 	/usr/lib/libIOReport.dylib
0x00007ffa23275000 	/System/Library/Frameworks/OpenCL.framework/Versions/A/OpenCL
0x00007ff8149de000 	/System/Library/PrivateFrameworks/FaceCore.framework/Versions/A/FaceCore
0x00007ff8149cf000 	/System/Library/PrivateFrameworks/GraphVisualizer.framework/Versions/A/GraphVisualizer
0x00007ffb0e64d000 	/System/Library/PrivateFrameworks/FontServices.framework/Versions/A/FontServices
0x00007ff814df8000 	/System/Library/PrivateFrameworks/OTSVG.framework/Versions/A/OTSVG
0x00007ff8102fe000 	/System/Library/Frameworks/ApplicationServices.framework/Versions/A/Frameworks/ATS.framework/Versions/A/Resources/libFontRegistry.dylib
0x00007ff814e48000 	/System/Library/PrivateFrameworks/FontServices.framework/libhvf.dylib
0x00007ffb0e64e000 	/System/Library/PrivateFrameworks/FontServices.framework/libXTFontStaticRegistryData.dylib
0x00007ff814848000 	/System/Library/PrivateFrameworks/AppleVA.framework/Versions/A/AppleVA
0x00007ff816a31000 	/System/Library/Frameworks/ApplicationServices.framework/Versions/A/Frameworks/ATS.framework/Versions/A/ATS
0x00007ff80e9af000 	/System/Library/Frameworks/ApplicationServices.framework/Versions/A/Frameworks/HIServices.framework/Versions/A/HIServices
0x00007ff81593d000 	/System/Library/Frameworks/ApplicationServices.framework/Versions/A/Frameworks/PrintCore.framework/Versions/A/PrintCore
0x00007ff816dbf000 	/System/Library/Frameworks/ApplicationServices.framework/Versions/A/Frameworks/QD.framework/Versions/A/QD
0x00007ff816db7000 	/System/Library/Frameworks/ApplicationServices.framework/Versions/A/Frameworks/ColorSyncLegacy.framework/Versions/A/ColorSyncLegacy
0x00007ff816a21000 	/System/Library/Frameworks/ApplicationServices.framework/Versions/A/Frameworks/SpeechSynthesis.framework/Versions/A/SpeechSynthesis
0x00007ff8158fe000 	/System/Library/Frameworks/ApplicationServices.framework/Versions/A/Frameworks/ATSUI.framework/Versions/A/ATSUI
0x00007ff816d4c000 	/usr/lib/libcups.2.dylib
0x00007ff81711b000 	/System/Library/Frameworks/Kerberos.framework/Versions/A/Kerberos
0x00007ff81712a000 	/System/Library/Frameworks/GSS.framework/Versions/A/GSS
0x00007ff816a9d000 	/usr/lib/libresolv.9.dylib
0x00007ff814e57000 	/System/Library/PrivateFrameworks/Heimdal.framework/Versions/A/Heimdal
0x00007ff81dd0c000 	/System/Library/Frameworks/Kerberos.framework/Versions/A/Libraries/libHeimdalProxy.dylib
0x00007ff80f66b000 	/System/Library/Frameworks/Network.framework/Versions/A/Network
0x00007ff8148b2000 	/usr/lib/libheimdal-asn1.dylib
0x00007ff817175000 	/System/Library/PrivateFrameworks/CommonAuth.framework/Versions/A/CommonAuth
0x00007ff8169a3000 	/System/Library/PrivateFrameworks/AudioSession.framework/Versions/A/AudioSession
0x00007ff814942000 	/System/Library/PrivateFrameworks/MediaExperience.framework/Versions/A/MediaExperience
0x00007ff816836000 	/System/Library/PrivateFrameworks/AudioSession.framework/libSessionUtility.dylib
0x00007ff816dcb000 	/System/Library/PrivateFrameworks/AudioResourceArbitration.framework/Versions/A/AudioResourceArbitration
0x00007ff81ae4c000 	/System/Library/PrivateFrameworks/PowerLog.framework/Versions/A/PowerLog
0x00007ff8148bb000 	/System/Library/PrivateFrameworks/IconFoundation.framework/Versions/A/IconFoundation
0x00007ff819c02000 	/System/Library/PrivateFrameworks/SpeechRecognitionCore.framework/Versions/A/SpeechRecognitionCore
0x000000010c84c000 	/Library/Java/JavaVirtualMachines/temurin-11.jdk/Contents/Home/lib/server/libjvm.dylib
0x000000010bab4000 	/Library/Java/JavaVirtualMachines/temurin-11.jdk/Contents/Home/lib/libverify.dylib
0x000000010baf1000 	/Library/Java/JavaVirtualMachines/temurin-11.jdk/Contents/Home/lib/libjava.dylib
0x000000010bac5000 	/Library/Java/JavaVirtualMachines/temurin-11.jdk/Contents/Home/lib/libjimage.dylib
0x000000010bb59000 	/Library/Java/JavaVirtualMachines/temurin-11.jdk/Contents/Home/lib/libjdwp.dylib
0x000000010bae1000 	/Library/Java/JavaVirtualMachines/temurin-11.jdk/Contents/Home/lib/libinstrument.dylib
0x000000010bb1d000 	/Library/Java/JavaVirtualMachines/temurin-11.jdk/Contents/Home/lib/libzip.dylib
0x000000010bb40000 	/Library/Java/JavaVirtualMachines/temurin-11.jdk/Contents/Home/lib/libdt_socket.dylib
0x000000010c604000 	/Library/Java/JavaVirtualMachines/temurin-11.jdk/Contents/Home/lib/libnio.dylib
0x000000010c630000 	/Library/Java/JavaVirtualMachines/temurin-11.jdk/Contents/Home/lib/libnet.dylib
0x000000010c5f1000 	/Users/alessandromaggio/.openjfx/cache/11/libprism_es2.dylib
0x00007ff80b7b1000 	/System/Library/PrivateFrameworks/CoreServicesInternal.framework/Versions/A/CoreServicesInternal
0x00007ffa21e71000 	/System/Library/Frameworks/OpenGL.framework/Versions/A/Resources/GLEngine.bundle/GLEngine
0x00007ffa21cd7000 	/System/Library/Frameworks/OpenGL.framework/Versions/A/Libraries/libGLProgrammability.dylib
0x00007ffa1a64b000 	/System/Library/Extensions/AppleIntelBDWGraphicsGLDriver.bundle/Contents/MacOS/AppleIntelBDWGraphicsGLDriver
0x00007ff919337000 	/System/Library/PrivateFrameworks/GPUSupport.framework/Versions/A/Libraries/libGPUSupportMercury.dylib
0x00007ffa21ffb000 	/System/Library/Frameworks/OpenGL.framework/Versions/A/Resources/GLRendererFloat.bundle/GLRendererFloat
0x000000012e597000 	/Users/alessandromaggio/.openjfx/cache/11/libglass.dylib
0x00007ff81b43d000 	/System/Library/Frameworks/FileProvider.framework/Versions/A/FileProvider
0x00007ff80f44f000 	/System/Library/Frameworks/Accounts.framework/Versions/A/Accounts
0x00007ff81b5b6000 	/System/Library/PrivateFrameworks/GenerationalStorage.framework/Versions/A/GenerationalStorage
0x00007ff81c0c6000 	/System/Library/PrivateFrameworks/CoreSymbolication.framework/Versions/A/CoreSymbolication
0x00007ff81ae41000 	/System/Library/PrivateFrameworks/SymptomDiagnosticReporter.framework/Versions/A/SymptomDiagnosticReporter
0x00007ff80ca70000 	/System/Library/PrivateFrameworks/DesktopServicesPriv.framework/Versions/A/DesktopServicesPriv
0x00007ff80b8f0000 	/usr/lib/libsandbox.1.dylib
0x00007ff810796000 	/System/Library/PrivateFrameworks/UserManagement.framework/Versions/A/UserManagement
0x00007ff81c08b000 	/System/Library/PrivateFrameworks/DebugSymbols.framework/Versions/A/DebugSymbols
0x00007ff816dac000 	/System/Library/PrivateFrameworks/NetAuth.framework/Versions/A/NetAuth
0x00007ff817cbb000 	/System/Library/PrivateFrameworks/Sharing.framework/Versions/A/Sharing
0x00007ff810769000 	/System/Library/PrivateFrameworks/login.framework/Versions/A/Frameworks/loginsupport.framework/Versions/A/loginsupport
0x00007ff81d229000 	/System/Library/PrivateFrameworks/Apple80211.framework/Versions/A/Apple80211
0x00007ff81396a000 	/System/Library/PrivateFrameworks/AuthKit.framework/Versions/A/AuthKit
0x00007ff812fbf000 	/System/Library/PrivateFrameworks/CoreUtils.framework/Versions/A/CoreUtils
0x00007ff812ee6000 	/System/Library/Frameworks/CoreWLAN.framework/Versions/A/CoreWLAN
0x00007ff817e1a000 	/System/Library/Frameworks/IOBluetooth.framework/Versions/A/IOBluetooth
0x00007ff81d291000 	/System/Library/PrivateFrameworks/CoreWiFi.framework/Versions/A/CoreWiFi
0x00007ff81bc60000 	/System/Library/PrivateFrameworks/FrontBoardServices.framework/Versions/A/FrontBoardServices
0x00007ff81bcf1000 	/System/Library/PrivateFrameworks/BoardServices.framework/Versions/A/BoardServices
0x00007ff8131ce000 	/System/Library/PrivateFrameworks/AssertionServices.framework/Versions/A/AssertionServices
0x00007ff81d414000 	/System/Library/PrivateFrameworks/BackBoardServices.framework/Versions/A/BackBoardServices
0x00007ff817206000 	/System/Library/PrivateFrameworks/CorePhoneNumbers.framework/Versions/A/CorePhoneNumbers
0x00007ff816aca000 	/System/Library/PrivateFrameworks/MultiverseSupport.framework/Versions/A/MultiverseSupport
0x00007ff81d687000 	/System/Library/PrivateFrameworks/RemoteServiceDiscovery.framework/Versions/A/RemoteServiceDiscovery
0x00007ff81af5e000 	/System/Library/PrivateFrameworks/DiskManagement.framework/Versions/A/DiskManagement
0x00007ff81ae72000 	/System/Library/PrivateFrameworks/AppleIDAuthSupport.framework/Versions/A/AppleIDAuthSupport
0x00007ffb08fe4000 	/System/Library/PrivateFrameworks/AAAFoundation.framework/Versions/A/AAAFoundation
0x00007ff8171e7000 	/System/Library/PrivateFrameworks/KeychainCircle.framework/Versions/A/KeychainCircle
0x00007ff81d697000 	/System/Library/PrivateFrameworks/RemoteXPC.framework/Versions/A/RemoteXPC
0x00007ff81af2a000 	/System/Library/PrivateFrameworks/MediaKit.framework/Versions/A/MediaKit
0x00007ff81ae7e000 	/System/Library/Frameworks/DiscRecording.framework/Versions/A/DiscRecording
0x00007ff8147c0000 	/usr/lib/libCoreStorage.dylib
0x00007ff81d702000 	/usr/lib/libcsfde.dylib
0x00007ff817ee7000 	/System/Library/PrivateFrameworks/ProtectedCloudStorage.framework/Versions/A/ProtectedCloudStorage
0x00007ff81d6fe000 	/System/Library/PrivateFrameworks/EFILogin.framework/Versions/A/EFILogin
0x00007ff81b5dc000 	/System/Library/PrivateFrameworks/OctagonTrust.framework/Versions/A/OctagonTrust
0x00007ffb0d8b0000 	/System/Library/PrivateFrameworks/CoreUtilsExtras.framework/Versions/A/CoreUtilsExtras
0x00007ff81ada5000 	/System/Library/Frameworks/CoreBluetooth.framework/Versions/A/CoreBluetooth
0x00007ff81dd91000 	/System/Library/Frameworks/AudioUnit.framework/Versions/A/AudioUnit
0x00007ff8147b8000 	/usr/lib/libMatch.1.dylib
0x00007ff9137c4000 	/System/Library/Frameworks/Accelerate.framework/Versions/A/Frameworks/vImage.framework/Versions/A/Libraries/libCGInterfaces.dylib
0x000000012f75b000 	/usr/lib/libobjc-trampolines.dylib
0x00007ff81048e000 	/System/Library/PrivateFrameworks/ViewBridge.framework/Versions/A/ViewBridge
0x00007ffb2110d000 	/usr/lib/libRosetta.dylib
0x0000000132519000 	/Users/alessandromaggio/.openjfx/cache/11/libjavafx_font.dylib
0x0000000131b22000 	/Library/Java/JavaVirtualMachines/temurin-11.jdk/Contents/Home/lib/libextnet.dylib
0x00007ff814f0e000 	/System/Library/PrivateFrameworks/login.framework/Versions/A/login


VM Arguments:
jvm_args: -agentlib:jdwp=transport=dt_socket,suspend=y,address=localhost:52192 -javaagent:/Applications/Eclipse.app/Contents/Eclipse/configuration/org.eclipse.osgi/215/0/.cp/lib/javaagent-shaded.jar -Dfile.encoding=UTF-8 
java_command: it.polito.tdp.imdb.Main
java_class_path (initial): /Users/alessandromaggio/Desktop/UNI/3 anno/TDP/eclipse-workspace/2020-06-10-simulazione/target/classes:/Users/alessandromaggio/.m2/repository/org/openjfx/javafx-controls/11/javafx-controls-11.jar:/Users/alessandromaggio/.m2/repository/org/openjfx/javafx-controls/11/javafx-controls-11-mac.jar:/Users/alessandromaggio/.m2/repository/org/openjfx/javafx-graphics/11/javafx-graphics-11.jar:/Users/alessandromaggio/.m2/repository/org/openjfx/javafx-graphics/11/javafx-graphics-11-mac.jar:/Users/alessandromaggio/.m2/repository/org/openjfx/javafx-base/11/javafx-base-11.jar:/Users/alessandromaggio/.m2/repository/org/openjfx/javafx-base/11/javafx-base-11-mac.jar:/Users/alessandromaggio/.m2/repository/org/openjfx/javafx-fxml/11/javafx-fxml-11.jar:/Users/alessandromaggio/.m2/repository/org/openjfx/javafx-fxml/11/javafx-fxml-11-mac.jar:/Users/alessandromaggio/.m2/repository/com/zaxxer/HikariCP/3.4.2/HikariCP-3.4.2.jar:/Users/alessandromaggio/.m2/repository/org/jgrapht/jgrapht-core/1.4.0/jgrapht-core-1.4.0.jar:/Users/alessandromaggio/.m2/repository/org/jheaps/jheaps/0.11/jheaps-0.11.jar:/Users/alessandromaggio/.m2/repository/org/mariadb/jdbc/mariadb-java-client/2.5.4/mariadb-java-client-2.5.4.jar:/Users/alessandromaggio/.m2/repository/org/slf4j/slf4j-api/1.7.30/slf4j-api-1.7.30.jar:/Users/alessandromaggio/.m2/repository/org/slf4j/slf4j-simple/1.7.30/slf4j-simple-1.7.30.jar
Launcher Type: SUN_STANDARD

[Global flags]
     intx CICompilerCount                          = 3                                         {product} {ergonomic}
     uint ConcGCThreads                            = 1                                         {product} {ergonomic}
     uint G1ConcRefinementThreads                  = 4                                         {product} {ergonomic}
   size_t G1HeapRegionSize                         = 1048576                                   {product} {ergonomic}
    uintx GCDrainStackTargetSize                   = 64                                        {product} {ergonomic}
   size_t InitialHeapSize                          = 134217728                                 {product} {ergonomic}
   size_t MarkStackSize                            = 4194304                                   {product} {ergonomic}
   size_t MaxHeapSize                              = 2147483648                                {product} {ergonomic}
   size_t MaxNewSize                               = 1287651328                                {product} {ergonomic}
   size_t MinHeapDeltaBytes                        = 1048576                                   {product} {ergonomic}
    uintx NonNMethodCodeHeapSize                   = 5830732                                {pd product} {ergonomic}
    uintx NonProfiledCodeHeapSize                  = 122913754                              {pd product} {ergonomic}
    uintx ProfiledCodeHeapSize                     = 122913754                              {pd product} {ergonomic}
    uintx ReservedCodeCacheSize                    = 251658240                              {pd product} {ergonomic}
     bool SegmentedCodeCache                       = true                                      {product} {ergonomic}
     bool UseCompressedClassPointers               = true                                 {lp64_product} {ergonomic}
     bool UseCompressedOops                        = true                                 {lp64_product} {ergonomic}
     bool UseG1GC                                  = true                                      {product} {ergonomic}

Logging:
Log output configuration:
 #0: stdout all=warning uptime,level,tags
 #1: stderr all=off uptime,level,tags

Environment Variables:
PATH=/usr/bin:/bin:/usr/sbin:/sbin
SHELL=/bin/bash

Signal Handlers:
SIGSEGV: [libjvm.dylib+0x7c69d4], sa_mask[0]=11111111011111110111111111111111, sa_flags=SA_ONSTACK|SA_RESTART|SA_SIGINFO
SIGBUS: [libjvm.dylib+0x7c69d4], sa_mask[0]=11111111011111110111111111111111, sa_flags=SA_RESTART|SA_SIGINFO
SIGFPE: [libjvm.dylib+0x7c69d4], sa_mask[0]=11111111011111110111111111111111, sa_flags=SA_RESTART|SA_SIGINFO
SIGPIPE: [libjvm.dylib+0x62b2ae], sa_mask[0]=11111111011111110111111111111111, sa_flags=SA_RESTART|SA_SIGINFO
SIGXFSZ: [libjvm.dylib+0x62b2ae], sa_mask[0]=11111111011111110111111111111111, sa_flags=SA_RESTART|SA_SIGINFO
SIGILL: [libjvm.dylib+0x7c69d4], sa_mask[0]=11111111011111110111111111111111, sa_flags=SA_RESTART|SA_SIGINFO
SIGUSR2: [libjvm.dylib+0x62b895], sa_mask[0]=00100000000000000000000000000000, sa_flags=SA_RESTART|SA_SIGINFO
SIGHUP: [libjvm.dylib+0x62a477], sa_mask[0]=11111111011111110111111111111111, sa_flags=SA_RESTART|SA_SIGINFO
SIGINT: [libjvm.dylib+0x62a477], sa_mask[0]=11111111011111110111111111111111, sa_flags=SA_RESTART|SA_SIGINFO
SIGTERM: [libjvm.dylib+0x62a477], sa_mask[0]=11111111011111110111111111111111, sa_flags=SA_RESTART|SA_SIGINFO
SIGQUIT: [libjvm.dylib+0x62a477], sa_mask[0]=11111111011111110111111111111111, sa_flags=SA_RESTART|SA_SIGINFO


---------------  S Y S T E M  ---------------

OS:uname:Darwin 21.5.0 Darwin Kernel Version 21.5.0: Tue Apr 26 21:08:22 PDT 2022; root:xnu-8020.121.3~4/RELEASE_X86_64 x86_64
OS uptime: 3 days 4:24 hours
rlimit (soft/hard): STACK 8192k/65532k , CORE 0k/infinity , NPROC 1392/2088 , NOFILE 10240/infinity , AS infinity/infinity , CPU infinity/infinity , DATA infinity/infinity , FSIZE infinity/infinity , MEMLOCK infinity/infinity , RSS infinity/infinity
load average:2.17 2.19 2.38

CPU:total 4 (initial active 4) (2 cores per cpu, 2 threads per core) family 6 model 61 stepping 4 microcode 0x2f, cmov, cx8, fxsr, mmx, sse, sse2, sse3, ssse3, sse4.1, sse4.2, popcnt, avx, avx2, aes, clmul, erms, rtm, 3dnowpref, lzcnt, ht, tsc, tscinvbit, bmi1, bmi2, adx, fma

Memory: 4k page, physical 8388608k(611500k free), swap 1048576k(893696k free)

vm_info: OpenJDK 64-Bit Server VM (11.0.14.1+1) for bsd-amd64 JRE (11.0.14.1+1), built on Feb  8 2022 17:43:13 by "jenkins" with clang 4.2.1 Compatible Apple LLVM 10.0.1 (clang-1001.0.46.4)

END.
